cl : command line warning D9035: option 'Gm' has been deprecated and will be removed in a future release
  rnx2rtkp.c
  solution.c
  sbas.c
  rtkpos.c
  rtkcmn.c
C:\Users\szink\OneDrive\Pulpit\C C++\Gter\RTKLIB\src\rtkcmn.c(2608,20): warning C4477: 'sscanf' : format string '%ld' requires an argument of type 'long *', but variadic argument 5 has type 'time_t *'
C:\Users\szink\OneDrive\Pulpit\C C++\Gter\RTKLIB\src\rtkcmn.c(2608,20): message : consider using '%lld' in the format string
C:\Users\szink\OneDrive\Pulpit\C C++\Gter\RTKLIB\src\rtkcmn.c(2608,20): message : consider using '%I64d' in the format string
C:\Users\szink\OneDrive\Pulpit\C C++\Gter\RTKLIB\src\rtkcmn.c(2608,20): warning C4477: 'sscanf' : format string '%ld' requires an argument of type 'long *', but variadic argument 6 has type 'time_t *'
C:\Users\szink\OneDrive\Pulpit\C C++\Gter\RTKLIB\src\rtkcmn.c(2608,20): message : consider using '%lld' in the format string
C:\Users\szink\OneDrive\Pulpit\C C++\Gter\RTKLIB\src\rtkcmn.c(2608,20): message : consider using '%I64d' in the format string
C:\Users\szink\OneDrive\Pulpit\C C++\Gter\RTKLIB\src\rtkcmn.c(2608,20): warning C4477: 'sscanf' : format string '%ld' requires an argument of type 'long *', but variadic argument 7 has type 'time_t *'
C:\Users\szink\OneDrive\Pulpit\C C++\Gter\RTKLIB\src\rtkcmn.c(2608,20): message : consider using '%lld' in the format string
C:\Users\szink\OneDrive\Pulpit\C C++\Gter\RTKLIB\src\rtkcmn.c(2608,20): message : consider using '%I64d' in the format string
C:\Users\szink\OneDrive\Pulpit\C C++\Gter\RTKLIB\src\rtkcmn.c(2957,24): warning C4477: 'sprintf' : format string '%s' requires an argument of type 'char *', but variadic argument 2 has type 'WCHAR *'
C:\Users\szink\OneDrive\Pulpit\C C++\Gter\RTKLIB\src\rtkcmn.c(2957,24): message : consider using '%ls' in the format string
C:\Users\szink\OneDrive\Pulpit\C C++\Gter\RTKLIB\src\rtkcmn.c(2957,24): message : consider using '%lls' in the format string
C:\Users\szink\OneDrive\Pulpit\C C++\Gter\RTKLIB\src\rtkcmn.c(2957,24): message : consider using '%Ls' in the format string
C:\Users\szink\OneDrive\Pulpit\C C++\Gter\RTKLIB\src\rtkcmn.c(2957,24): message : consider using '%ws' in the format string
C:\Users\szink\OneDrive\Pulpit\C C++\Gter\RTKLIB\src\rtkcmn.c(2960,28): warning C4477: 'sprintf' : format string '%s' requires an argument of type 'char *', but variadic argument 2 has type 'WCHAR *'
C:\Users\szink\OneDrive\Pulpit\C C++\Gter\RTKLIB\src\rtkcmn.c(2960,28): message : consider using '%ls' in the format string
C:\Users\szink\OneDrive\Pulpit\C C++\Gter\RTKLIB\src\rtkcmn.c(2960,28): message : consider using '%lls' in the format string
C:\Users\szink\OneDrive\Pulpit\C C++\Gter\RTKLIB\src\rtkcmn.c(2960,28): message : consider using '%Ls' in the format string
C:\Users\szink\OneDrive\Pulpit\C C++\Gter\RTKLIB\src\rtkcmn.c(2960,28): message : consider using '%ws' in the format string
C:\Users\szink\OneDrive\Pulpit\C C++\Gter\RTKLIB\src\rtkcmn.c(3020,25): warning C4133: 'function': incompatible types - from 'char [1024]' to 'LPCWSTR'
  rtcm3e.c
  rtcm3.c
  rtcm2.c
  rtcm.c
  rinex.c
  qzslex.c
  preceph.c
  ppp_ar.c
  ppp.c
  postpos.c
  pntpos.c
  options.c
  lambda.c
  ionex.c
  geoid.c
  Generating Code...
  Compiling...
  ephemeris.c
  datum.c
  Generating Code...
datum.obj : warning LNK4075: ignoring '/EDITANDCONTINUE' due to '/SAFESEH' specification
  msc.vcxproj -> C:\Users\szink\OneDrive\Pulpit\C C++\Gter\RTKLIB\app\rnx2rtkp\msc\Debug\rnx2rtkp.exe
