c:\users\szink\onedrive\pulpit\c c++\gter\rtklib\app\rnx2rtkp\msc\debug\vc143.pdb
c:\users\szink\onedrive\pulpit\c c++\gter\rtklib\app\rnx2rtkp\msc\debug\vc143.idb
c:\users\szink\onedrive\pulpit\c c++\gter\rtklib\app\rnx2rtkp\msc\debug\geoid.obj
c:\users\szink\onedrive\pulpit\c c++\gter\rtklib\app\rnx2rtkp\msc\debug\ionex.obj
c:\users\szink\onedrive\pulpit\c c++\gter\rtklib\app\rnx2rtkp\msc\debug\lambda.obj
c:\users\szink\onedrive\pulpit\c c++\gter\rtklib\app\rnx2rtkp\msc\debug\options.obj
c:\users\szink\onedrive\pulpit\c c++\gter\rtklib\app\rnx2rtkp\msc\debug\pntpos.obj
c:\users\szink\onedrive\pulpit\c c++\gter\rtklib\app\rnx2rtkp\msc\debug\postpos.obj
c:\users\szink\onedrive\pulpit\c c++\gter\rtklib\app\rnx2rtkp\msc\debug\ppp.obj
c:\users\szink\onedrive\pulpit\c c++\gter\rtklib\app\rnx2rtkp\msc\debug\ppp_ar.obj
c:\users\szink\onedrive\pulpit\c c++\gter\rtklib\app\rnx2rtkp\msc\debug\preceph.obj
c:\users\szink\onedrive\pulpit\c c++\gter\rtklib\app\rnx2rtkp\msc\debug\qzslex.obj
c:\users\szink\onedrive\pulpit\c c++\gter\rtklib\app\rnx2rtkp\msc\debug\rinex.obj
c:\users\szink\onedrive\pulpit\c c++\gter\rtklib\app\rnx2rtkp\msc\debug\rtcm.obj
c:\users\szink\onedrive\pulpit\c c++\gter\rtklib\app\rnx2rtkp\msc\debug\rtcm2.obj
c:\users\szink\onedrive\pulpit\c c++\gter\rtklib\app\rnx2rtkp\msc\debug\rtcm3.obj
c:\users\szink\onedrive\pulpit\c c++\gter\rtklib\app\rnx2rtkp\msc\debug\rtcm3e.obj
c:\users\szink\onedrive\pulpit\c c++\gter\rtklib\app\rnx2rtkp\msc\debug\rtkcmn.obj
c:\users\szink\onedrive\pulpit\c c++\gter\rtklib\app\rnx2rtkp\msc\debug\rtkpos.obj
c:\users\szink\onedrive\pulpit\c c++\gter\rtklib\app\rnx2rtkp\msc\debug\sbas.obj
c:\users\szink\onedrive\pulpit\c c++\gter\rtklib\app\rnx2rtkp\msc\debug\solution.obj
c:\users\szink\onedrive\pulpit\c c++\gter\rtklib\app\rnx2rtkp\msc\debug\rnx2rtkp.obj
c:\users\szink\onedrive\pulpit\c c++\gter\rtklib\app\rnx2rtkp\msc\debug\datum.obj
c:\users\szink\onedrive\pulpit\c c++\gter\rtklib\app\rnx2rtkp\msc\debug\ephemeris.obj
c:\users\szink\onedrive\pulpit\c c++\gter\rtklib\app\rnx2rtkp\msc\debug\rnx2rtkp.pdb
c:\users\szink\onedrive\pulpit\c c++\gter\rtklib\app\rnx2rtkp\msc\debug\msc.tlog\cl.command.1.tlog
c:\users\szink\onedrive\pulpit\c c++\gter\rtklib\app\rnx2rtkp\msc\debug\msc.tlog\cl.read.1.tlog
c:\users\szink\onedrive\pulpit\c c++\gter\rtklib\app\rnx2rtkp\msc\debug\msc.tlog\cl.write.1.tlog
c:\users\szink\onedrive\pulpit\c c++\gter\rtklib\app\rnx2rtkp\msc\debug\msc.tlog\link-cvtres.read.1.tlog
c:\users\szink\onedrive\pulpit\c c++\gter\rtklib\app\rnx2rtkp\msc\debug\msc.tlog\link-cvtres.write.1.tlog
c:\users\szink\onedrive\pulpit\c c++\gter\rtklib\app\rnx2rtkp\msc\debug\msc.tlog\link-rc.read.1.tlog
c:\users\szink\onedrive\pulpit\c c++\gter\rtklib\app\rnx2rtkp\msc\debug\msc.tlog\link-rc.write.1.tlog
c:\users\szink\onedrive\pulpit\c c++\gter\rtklib\app\rnx2rtkp\msc\debug\msc.tlog\link.command.1.tlog
c:\users\szink\onedrive\pulpit\c c++\gter\rtklib\app\rnx2rtkp\msc\debug\msc.tlog\link.read.1.tlog
c:\users\szink\onedrive\pulpit\c c++\gter\rtklib\app\rnx2rtkp\msc\debug\msc.tlog\link.write.1.tlog
